<?xml version="1.0" encoding="utf-8"?>
<coverage line-rate="0.122" branch-rate="0.01" version="1.9" timestamp="1555110401" lines-covered="12" lines-valid="98" branches-covered="2" branches-valid="209">
  <sources>
    <source></source>
  </sources>
  <packages>
    <package name="CodeCoverageDemo.MSTest.Tests" line-rate="0.875" branch-rate="0.5" complexity="3">
      <classes>
        <class name="AutoGeneratedProgram" filename="C:\Users\xande\Source\AzureDevopsDemo-a\CodeCoverageDemo\CodeCoverageDemo.MSTest.Tests\obj\Debug\netcoreapp2.1\CodeCoverageDemo.MSTest.Tests.Program.cs" line-rate="0" branch-rate="1" complexity="1">
          <methods>
            <method name="Main" signature="(System.String[])" line-rate="0" branch-rate="1">
              <lines>
                <line number="4" hits="0" branch="False" />
              </lines>
            </method>
          </methods>
          <lines>
            <line number="4" hits="0" branch="False" />
          </lines>
        </class>
        <class name="CodeCoverageDemo.MSTest.Tests.UnitTest1" filename="C:\Users\xande\Source\AzureDevopsDemo-a\CodeCoverageDemo\CodeCoverageDemo.MSTest.Tests\UnitTest1.cs" line-rate="1" branch-rate="0.5" complexity="2">
          <methods>
            <method name="TestMethod1" signature="()" line-rate="1" branch-rate="0.5">
              <lines>
                <line number="12" hits="1" branch="False" />
                <line number="13" hits="1" branch="False" />
                <line number="14" hits="1" branch="False" />
                <line number="15" hits="1" branch="False" />
                <line number="16" hits="1" branch="True" condition-coverage="50% (1/2)">
                  <conditions>
                    <condition number="32" type="jump" coverage="50%" />
                  </conditions>
                </line>
                <line number="18" hits="1" branch="False" />
                <line number="19" hits="1" branch="False" />
              </lines>
            </method>
          </methods>
          <lines>
            <line number="12" hits="1" branch="False" />
            <line number="13" hits="1" branch="False" />
            <line number="14" hits="1" branch="False" />
            <line number="15" hits="1" branch="False" />
            <line number="16" hits="1" branch="True" condition-coverage="50% (1/2)">
              <conditions>
                <condition number="32" type="jump" coverage="50%" />
              </conditions>
            </line>
            <line number="18" hits="1" branch="False" />
            <line number="19" hits="1" branch="False" />
          </lines>
        </class>
      </classes>
    </package>
    <package name="CodeCoverageDemo.Web" line-rate="0.081" branch-rate="0.071" complexity="23">
      <classes>
        <class name="CodeCoverageDemo.Web.Program" filename="C:\Users\xande\Source\AzureDevopsDemo-a\CodeCoverageDemo\CodeCoverageDemo.Web\Program.cs" line-rate="0" branch-rate="1" complexity="2">
          <methods>
            <method name="Main" signature="(System.String[])" line-rate="0" branch-rate="1">
              <lines>
                <line number="16" hits="0" branch="False" />
                <line number="17" hits="0" branch="False" />
                <line number="18" hits="0" branch="False" />
              </lines>
            </method>
            <method name="CreateWebHostBuilder" signature="(System.String[])" line-rate="0" branch-rate="1">
              <lines>
                <line number="21" hits="0" branch="False" />
                <line number="22" hits="0" branch="False" />
              </lines>
            </method>
          </methods>
          <lines>
            <line number="16" hits="0" branch="False" />
            <line number="17" hits="0" branch="False" />
            <line number="18" hits="0" branch="False" />
            <line number="21" hits="0" branch="False" />
            <line number="22" hits="0" branch="False" />
          </lines>
        </class>
        <class name="CodeCoverageDemo.Web.Startup" filename="C:\Users\xande\Source\AzureDevopsDemo-a\CodeCoverageDemo\CodeCoverageDemo.Web\Startup.cs" line-rate="0" branch-rate="0" complexity="8">
          <methods>
            <method name="get_Configuration" signature="()" line-rate="0" branch-rate="1">
              <lines>
                <line number="22" hits="0" branch="False" />
              </lines>
            </method>
            <method name="ConfigureServices" signature="(Microsoft.Extensions.DependencyInjection.IServiceCollection)" line-rate="0" branch-rate="0">
              <lines>
                <line number="26" hits="0" branch="False" />
                <line number="27" hits="0" branch="True" condition-coverage="0% (0/2)">
                  <conditions>
                    <condition number="8" type="jump" coverage="0%" />
                  </conditions>
                </line>
                <line number="28" hits="0" branch="False" />
                <line number="29" hits="0" branch="False" />
                <line number="30" hits="0" branch="False" />
                <line number="31" hits="0" branch="False" />
                <line number="32" hits="0" branch="False" />
                <line number="35" hits="0" branch="False" />
                <line number="36" hits="0" branch="False" />
              </lines>
            </method>
            <method name="Configure" signature="(Microsoft.AspNetCore.Builder.IApplicationBuilder,Microsoft.AspNetCore.Hosting.IHostingEnvironment)" line-rate="0" branch-rate="0">
              <lines>
                <line number="40" hits="0" branch="False" />
                <line number="41" hits="0" branch="True" condition-coverage="0% (0/2)">
                  <conditions>
                    <condition number="9" type="jump" coverage="0%" />
                  </conditions>
                </line>
                <line number="42" hits="0" branch="False" />
                <line number="43" hits="0" branch="False" />
                <line number="44" hits="0" branch="False" />
                <line number="46" hits="0" branch="False" />
                <line number="47" hits="0" branch="False" />
                <line number="48" hits="0" branch="False" />
                <line number="49" hits="0" branch="False" />
                <line number="51" hits="0" branch="False" />
                <line number="52" hits="0" branch="False" />
                <line number="53" hits="0" branch="False" />
                <line number="55" hits="0" branch="True" condition-coverage="0% (0/2)">
                  <conditions>
                    <condition number="71" type="jump" coverage="0%" />
                  </conditions>
                </line>
                <line number="56" hits="0" branch="False" />
                <line number="57" hits="0" branch="False" />
                <line number="58" hits="0" branch="False" />
                <line number="59" hits="0" branch="False" />
                <line number="60" hits="0" branch="False" />
                <line number="61" hits="0" branch="False" />
              </lines>
            </method>
            <method name=".ctor" signature="(Microsoft.Extensions.Configuration.IConfiguration)" line-rate="0" branch-rate="1">
              <lines>
                <line number="17" hits="0" branch="False" />
                <line number="18" hits="0" branch="False" />
                <line number="19" hits="0" branch="False" />
                <line number="20" hits="0" branch="False" />
              </lines>
            </method>
          </methods>
          <lines>
            <line number="22" hits="0" branch="False" />
            <line number="26" hits="0" branch="False" />
            <line number="27" hits="0" branch="True" condition-coverage="0% (0/2)">
              <conditions>
                <condition number="8" type="jump" coverage="0%" />
              </conditions>
            </line>
            <line number="28" hits="0" branch="False" />
            <line number="29" hits="0" branch="False" />
            <line number="30" hits="0" branch="False" />
            <line number="31" hits="0" branch="False" />
            <line number="32" hits="0" branch="False" />
            <line number="35" hits="0" branch="False" />
            <line number="36" hits="0" branch="False" />
            <line number="40" hits="0" branch="False" />
            <line number="41" hits="0" branch="True" condition-coverage="0% (0/2)">
              <conditions>
                <condition number="9" type="jump" coverage="0%" />
              </conditions>
            </line>
            <line number="42" hits="0" branch="False" />
            <line number="43" hits="0" branch="False" />
            <line number="44" hits="0" branch="False" />
            <line number="46" hits="0" branch="False" />
            <line number="47" hits="0" branch="False" />
            <line number="48" hits="0" branch="False" />
            <line number="49" hits="0" branch="False" />
            <line number="51" hits="0" branch="False" />
            <line number="52" hits="0" branch="False" />
            <line number="53" hits="0" branch="False" />
            <line number="55" hits="0" branch="True" condition-coverage="0% (0/2)">
              <conditions>
                <condition number="71" type="jump" coverage="0%" />
              </conditions>
            </line>
            <line number="56" hits="0" branch="False" />
            <line number="57" hits="0" branch="False" />
            <line number="58" hits="0" branch="False" />
            <line number="59" hits="0" branch="False" />
            <line number="60" hits="0" branch="False" />
            <line number="61" hits="0" branch="False" />
            <line number="17" hits="0" branch="False" />
            <line number="18" hits="0" branch="False" />
            <line number="19" hits="0" branch="False" />
            <line number="20" hits="0" branch="False" />
          </lines>
        </class>
        <class name="CodeCoverageDemo.Web.Startup/&lt;&gt;c" filename="C:\Users\xande\Source\AzureDevopsDemo-a\CodeCoverageDemo\CodeCoverageDemo.Web\Startup.cs" line-rate="1" branch-rate="0" complexity="2">
          <methods />
          <lines />
        </class>
        <class name="CodeCoverageDemo.Web.Models.ErrorViewModel" filename="C:\Users\xande\Source\AzureDevopsDemo-a\CodeCoverageDemo\CodeCoverageDemo.Web\Models\ErrorViewModel.cs" line-rate="0" branch-rate="1" complexity="2">
          <methods>
            <method name="get_RequestId" signature="()" line-rate="0" branch-rate="1">
              <lines>
                <line number="7" hits="0" branch="False" />
              </lines>
            </method>
            <method name="get_ShowRequestId" signature="()" line-rate="0" branch-rate="1">
              <lines>
                <line number="9" hits="0" branch="False" />
              </lines>
            </method>
          </methods>
          <lines>
            <line number="7" hits="0" branch="False" />
            <line number="9" hits="0" branch="False" />
          </lines>
        </class>
        <class name="CodeCoverageDemo.Web.Controllers.HomeController" filename="C:\Users\xande\Source\AzureDevopsDemo-a\CodeCoverageDemo\CodeCoverageDemo.Web\Controllers\HomeController.cs" line-rate="0.227" branch-rate="0.167" complexity="9">
          <methods>
            <method name="Index" signature="()" line-rate="0.625" branch-rate="0.5">
              <lines>
                <line number="14" hits="1" branch="False" />
                <line number="15" hits="1" branch="False" />
                <line number="16" hits="1" branch="True" condition-coverage="50% (1/2)">
                  <conditions>
                    <condition number="9" type="jump" coverage="50%" />
                  </conditions>
                </line>
                <line number="17" hits="0" branch="False" />
                <line number="18" hits="0" branch="False" />
                <line number="19" hits="0" branch="False" />
                <line number="21" hits="1" branch="False" />
                <line number="22" hits="1" branch="False" />
              </lines>
            </method>
            <method name="About" signature="()" line-rate="0" branch-rate="1">
              <lines>
                <line number="25" hits="0" branch="False" />
                <line number="26" hits="0" branch="False" />
                <line number="28" hits="0" branch="False" />
                <line number="29" hits="0" branch="False" />
              </lines>
            </method>
            <method name="Contact" signature="()" line-rate="0" branch-rate="1">
              <lines>
                <line number="32" hits="0" branch="False" />
                <line number="33" hits="0" branch="False" />
                <line number="35" hits="0" branch="False" />
                <line number="36" hits="0" branch="False" />
              </lines>
            </method>
            <method name="Privacy" signature="()" line-rate="0" branch-rate="1">
              <lines>
                <line number="39" hits="0" branch="False" />
                <line number="40" hits="0" branch="False" />
                <line number="41" hits="0" branch="False" />
              </lines>
            </method>
            <method name="Error" signature="()" line-rate="0" branch-rate="0">
              <lines>
                <line number="45" hits="0" branch="False" />
                <line number="46" hits="0" branch="True" condition-coverage="0% (0/4)">
                  <conditions>
                    <condition number="14" type="jump" coverage="0%" />
                    <condition number="26" type="jump" coverage="0%" />
                  </conditions>
                </line>
                <line number="47" hits="0" branch="False" />
              </lines>
            </method>
          </methods>
          <lines>
            <line number="14" hits="1" branch="False" />
            <line number="15" hits="1" branch="False" />
            <line number="16" hits="1" branch="True" condition-coverage="50% (1/2)">
              <conditions>
                <condition number="9" type="jump" coverage="50%" />
              </conditions>
            </line>
            <line number="17" hits="0" branch="False" />
            <line number="18" hits="0" branch="False" />
            <line number="19" hits="0" branch="False" />
            <line number="21" hits="1" branch="False" />
            <line number="22" hits="1" branch="False" />
            <line number="25" hits="0" branch="False" />
            <line number="26" hits="0" branch="False" />
            <line number="28" hits="0" branch="False" />
            <line number="29" hits="0" branch="False" />
            <line number="32" hits="0" branch="False" />
            <line number="33" hits="0" branch="False" />
            <line number="35" hits="0" branch="False" />
            <line number="36" hits="0" branch="False" />
            <line number="39" hits="0" branch="False" />
            <line number="40" hits="0" branch="False" />
            <line number="41" hits="0" branch="False" />
            <line number="45" hits="0" branch="False" />
            <line number="46" hits="0" branch="True" condition-coverage="0% (0/4)">
              <conditions>
                <condition number="14" type="jump" coverage="0%" />
                <condition number="26" type="jump" coverage="0%" />
              </conditions>
            </line>
            <line number="47" hits="0" branch="False" />
          </lines>
        </class>
      </classes>
    </package>
    <package name="CodeCoverageDemo.Web.Views" line-rate="0" branch-rate="0" complexity="198">
      <classes>
        <class name="AspNetCore.Views_Home_About/&lt;ExecuteAsync&gt;d__0" filename="C:\Users\xande\Source\AzureDevopsDemo-a\CodeCoverageDemo\CodeCoverageDemo.Web\Views\Home\About.cshtml" line-rate="0" branch-rate="1" complexity="1">
          <methods>
            <method name="MoveNext" signature="()" line-rate="0" branch-rate="1">
              <lines>
                <line number="2" hits="0" branch="False" />
                <line number="4" hits="0" branch="False" />
                <line number="5" hits="0" branch="False" />
              </lines>
            </method>
          </methods>
          <lines>
            <line number="2" hits="0" branch="False" />
            <line number="4" hits="0" branch="False" />
            <line number="5" hits="0" branch="False" />
          </lines>
        </class>
        <class name="AspNetCore.Views_Home_Contact/&lt;ExecuteAsync&gt;d__0" filename="C:\Users\xande\Source\AzureDevopsDemo-a\CodeCoverageDemo\CodeCoverageDemo.Web\Views\Home\Contact.cshtml" line-rate="0" branch-rate="1" complexity="1">
          <methods>
            <method name="MoveNext" signature="()" line-rate="0" branch-rate="1">
              <lines>
                <line number="2" hits="0" branch="False" />
                <line number="4" hits="0" branch="False" />
                <line number="5" hits="0" branch="False" />
              </lines>
            </method>
          </methods>
          <lines>
            <line number="2" hits="0" branch="False" />
            <line number="4" hits="0" branch="False" />
            <line number="5" hits="0" branch="False" />
          </lines>
        </class>
        <class name="AspNetCore.Views_Home_Index/&lt;ExecuteAsync&gt;d__14" filename="C:\Users\xande\Source\AzureDevopsDemo-a\CodeCoverageDemo\CodeCoverageDemo.Web\Views\Home\Index.cshtml" line-rate="0" branch-rate="0" complexity="24">
          <methods>
            <method name="MoveNext" signature="()" line-rate="0" branch-rate="0">
              <lines>
                <line number="2" hits="0" branch="True" condition-coverage="0% (0/24)">
                  <conditions>
                    <condition number="200" type="jump" coverage="0%" />
                    <condition number="391" type="jump" coverage="0%" />
                    <condition number="494" type="jump" coverage="0%" />
                    <condition number="527" type="jump" coverage="0%" />
                    <condition number="780" type="jump" coverage="0%" />
                    <condition number="972" type="jump" coverage="0%" />
                    <condition number="1079" type="jump" coverage="0%" />
                    <condition number="1112" type="jump" coverage="0%" />
                    <condition number="1365" type="jump" coverage="0%" />
                    <condition number="1557" type="jump" coverage="0%" />
                    <condition number="1664" type="jump" coverage="0%" />
                    <condition number="1697" type="jump" coverage="0%" />
                  </conditions>
                </line>
              </lines>
            </method>
          </methods>
          <lines>
            <line number="2" hits="0" branch="True" condition-coverage="0% (0/24)">
              <conditions>
                <condition number="200" type="jump" coverage="0%" />
                <condition number="391" type="jump" coverage="0%" />
                <condition number="494" type="jump" coverage="0%" />
                <condition number="527" type="jump" coverage="0%" />
                <condition number="780" type="jump" coverage="0%" />
                <condition number="972" type="jump" coverage="0%" />
                <condition number="1079" type="jump" coverage="0%" />
                <condition number="1112" type="jump" coverage="0%" />
                <condition number="1365" type="jump" coverage="0%" />
                <condition number="1557" type="jump" coverage="0%" />
                <condition number="1664" type="jump" coverage="0%" />
                <condition number="1697" type="jump" coverage="0%" />
              </conditions>
            </line>
          </lines>
        </class>
        <class name="AspNetCore.Views_Home_Privacy/&lt;ExecuteAsync&gt;d__0" filename="C:\Users\xande\Source\AzureDevopsDemo-a\CodeCoverageDemo\CodeCoverageDemo.Web\Views\Home\Privacy.cshtml" line-rate="0" branch-rate="1" complexity="1">
          <methods>
            <method name="MoveNext" signature="()" line-rate="0" branch-rate="1">
              <lines>
                <line number="2" hits="0" branch="False" />
                <line number="4" hits="0" branch="False" />
              </lines>
            </method>
          </methods>
          <lines>
            <line number="2" hits="0" branch="False" />
            <line number="4" hits="0" branch="False" />
          </lines>
        </class>
        <class name="AspNetCore.Views_Shared_Error/&lt;ExecuteAsync&gt;d__0" filename="C:\Users\xande\Source\AzureDevopsDemo-a\CodeCoverageDemo\CodeCoverageDemo.Web\Views\Shared\Error.cshtml" line-rate="0" branch-rate="1" complexity="1">
          <methods>
            <method name="MoveNext" signature="()" line-rate="0" branch-rate="1">
              <lines>
                <line number="3" hits="0" branch="False" />
                <line number="9" hits="0" branch="False" />
                <line number="10" hits="0" branch="False" />
                <line number="12" hits="0" branch="False" />
                <line number="14" hits="0" branch="False" />
              </lines>
            </method>
          </methods>
          <lines>
            <line number="3" hits="0" branch="False" />
            <line number="9" hits="0" branch="False" />
            <line number="10" hits="0" branch="False" />
            <line number="12" hits="0" branch="False" />
            <line number="14" hits="0" branch="False" />
          </lines>
        </class>
        <class name="AspNetCore.Views_Shared__CookieConsentPartial/&lt;ExecuteAsync&gt;d__10" filename="C:\Users\xande\Source\AzureDevopsDemo-a\CodeCoverageDemo\CodeCoverageDemo.Web\Views\Shared\_CookieConsentPartial.cshtml" line-rate="0" branch-rate="0" complexity="14">
          <methods>
            <method name="MoveNext" signature="()" line-rate="0" branch-rate="0">
              <lines>
                <line number="4" hits="0" branch="True" condition-coverage="0% (0/2)">
                  <conditions>
                    <condition number="14" type="jump" coverage="0%" />
                  </conditions>
                </line>
                <line number="5" hits="0" branch="True" condition-coverage="0% (0/2)">
                  <conditions>
                    <condition number="109" type="jump" coverage="0%" />
                  </conditions>
                </line>
                <line number="6" hits="0" branch="True" condition-coverage="0% (0/2)">
                  <conditions>
                    <condition number="136" type="jump" coverage="0%" />
                  </conditions>
                </line>
                <line number="9" hits="0" branch="True" condition-coverage="0% (0/2)">
                  <conditions>
                    <condition number="208" type="jump" coverage="0%" />
                  </conditions>
                </line>
                <line number="10" hits="0" branch="True" condition-coverage="0% (0/6)">
                  <conditions>
                    <condition number="561" type="jump" coverage="0%" />
                    <condition number="666" type="jump" coverage="0%" />
                    <condition number="699" type="jump" coverage="0%" />
                  </conditions>
                </line>
                <line number="28" hits="0" branch="False" />
                <line number="41" hits="0" branch="False" />
              </lines>
            </method>
          </methods>
          <lines>
            <line number="4" hits="0" branch="True" condition-coverage="0% (0/2)">
              <conditions>
                <condition number="14" type="jump" coverage="0%" />
              </conditions>
            </line>
            <line number="5" hits="0" branch="True" condition-coverage="0% (0/2)">
              <conditions>
                <condition number="109" type="jump" coverage="0%" />
              </conditions>
            </line>
            <line number="6" hits="0" branch="True" condition-coverage="0% (0/2)">
              <conditions>
                <condition number="136" type="jump" coverage="0%" />
              </conditions>
            </line>
            <line number="9" hits="0" branch="True" condition-coverage="0% (0/2)">
              <conditions>
                <condition number="208" type="jump" coverage="0%" />
              </conditions>
            </line>
            <line number="10" hits="0" branch="True" condition-coverage="0% (0/6)">
              <conditions>
                <condition number="561" type="jump" coverage="0%" />
                <condition number="666" type="jump" coverage="0%" />
                <condition number="699" type="jump" coverage="0%" />
              </conditions>
            </line>
            <line number="28" hits="0" branch="False" />
            <line number="41" hits="0" branch="False" />
          </lines>
        </class>
        <class name="AspNetCore.Views_Shared__Layout/&lt;&lt;ExecuteAsync&gt;b__45_3&gt;d" filename="C:\Users\xande\Source\AzureDevopsDemo-a\CodeCoverageDemo\CodeCoverageDemo.Web\Views\Shared\_Layout.cshtml" line-rate="0" branch-rate="0" complexity="21">
          <methods>
            <method name="MoveNext" signature="()" line-rate="0" branch-rate="0">
              <lines>
                <line number="16" hits="0" branch="True" condition-coverage="0% (0/21)">
                  <conditions>
                    <condition number="8" type="switch" coverage="0%" />
                    <condition number="158" type="jump" coverage="0%" />
                    <condition number="575" type="jump" coverage="0%" />
                    <condition number="678" type="jump" coverage="0%" />
                    <condition number="711" type="jump" coverage="0%" />
                    <condition number="961" type="jump" coverage="0%" />
                    <condition number="1280" type="jump" coverage="0%" />
                    <condition number="1387" type="jump" coverage="0%" />
                    <condition number="1420" type="jump" coverage="0%" />
                  </conditions>
                </line>
              </lines>
            </method>
          </methods>
          <lines>
            <line number="16" hits="0" branch="True" condition-coverage="0% (0/21)">
              <conditions>
                <condition number="8" type="switch" coverage="0%" />
                <condition number="158" type="jump" coverage="0%" />
                <condition number="575" type="jump" coverage="0%" />
                <condition number="678" type="jump" coverage="0%" />
                <condition number="711" type="jump" coverage="0%" />
                <condition number="961" type="jump" coverage="0%" />
                <condition number="1280" type="jump" coverage="0%" />
                <condition number="1387" type="jump" coverage="0%" />
                <condition number="1420" type="jump" coverage="0%" />
              </conditions>
            </line>
          </lines>
        </class>
        <class name="AspNetCore.Views_Shared__Layout/&lt;&lt;ExecuteAsync&gt;b__45_0&gt;d" filename="C:\Users\xande\Source\AzureDevopsDemo-a\CodeCoverageDemo\CodeCoverageDemo.Web\Views\Shared\_Layout.cshtml" line-rate="0" branch-rate="0" complexity="17">
          <methods>
            <method name="MoveNext" signature="()" line-rate="0" branch-rate="0">
              <lines>
                <line number="6" hits="0" branch="True" condition-coverage="0% (0/17)">
                  <conditions>
                    <condition number="8" type="switch" coverage="0%" />
                    <condition number="434" type="jump" coverage="0%" />
                    <condition number="537" type="jump" coverage="0%" />
                    <condition number="570" type="jump" coverage="0%" />
                    <condition number="988" type="jump" coverage="0%" />
                    <condition number="1095" type="jump" coverage="0%" />
                    <condition number="1128" type="jump" coverage="0%" />
                  </conditions>
                </line>
              </lines>
            </method>
          </methods>
          <lines>
            <line number="6" hits="0" branch="True" condition-coverage="0% (0/17)">
              <conditions>
                <condition number="8" type="switch" coverage="0%" />
                <condition number="434" type="jump" coverage="0%" />
                <condition number="537" type="jump" coverage="0%" />
                <condition number="570" type="jump" coverage="0%" />
                <condition number="988" type="jump" coverage="0%" />
                <condition number="1095" type="jump" coverage="0%" />
                <condition number="1128" type="jump" coverage="0%" />
              </conditions>
            </line>
          </lines>
        </class>
        <class name="AspNetCore.Views_Shared__Layout/&lt;&lt;ExecuteAsync&gt;b__45_13&gt;d" filename="C:\Users\xande\Source\AzureDevopsDemo-a\CodeCoverageDemo\CodeCoverageDemo.Web\Views\Shared\_Layout.cshtml" line-rate="0" branch-rate="0" complexity="31">
          <methods>
            <method name="MoveNext" signature="()" line-rate="0" branch-rate="0">
              <lines>
                <line number="54" hits="0" branch="True" condition-coverage="0% (0/31)">
                  <conditions>
                    <condition number="8" type="switch" coverage="0%" />
                    <condition number="173" type="jump" coverage="0%" />
                    <condition number="320" type="jump" coverage="0%" />
                    <condition number="423" type="jump" coverage="0%" />
                    <condition number="456" type="jump" coverage="0%" />
                    <condition number="706" type="jump" coverage="0%" />
                    <condition number="854" type="jump" coverage="0%" />
                    <condition number="961" type="jump" coverage="0%" />
                    <condition number="994" type="jump" coverage="0%" />
                    <condition number="1244" type="jump" coverage="0%" />
                    <condition number="1541" type="jump" coverage="0%" />
                    <condition number="1648" type="jump" coverage="0%" />
                    <condition number="1681" type="jump" coverage="0%" />
                  </conditions>
                </line>
              </lines>
            </method>
          </methods>
          <lines>
            <line number="54" hits="0" branch="True" condition-coverage="0% (0/31)">
              <conditions>
                <condition number="8" type="switch" coverage="0%" />
                <condition number="173" type="jump" coverage="0%" />
                <condition number="320" type="jump" coverage="0%" />
                <condition number="423" type="jump" coverage="0%" />
                <condition number="456" type="jump" coverage="0%" />
                <condition number="706" type="jump" coverage="0%" />
                <condition number="854" type="jump" coverage="0%" />
                <condition number="961" type="jump" coverage="0%" />
                <condition number="994" type="jump" coverage="0%" />
                <condition number="1244" type="jump" coverage="0%" />
                <condition number="1541" type="jump" coverage="0%" />
                <condition number="1648" type="jump" coverage="0%" />
                <condition number="1681" type="jump" coverage="0%" />
              </conditions>
            </line>
          </lines>
        </class>
        <class name="AspNetCore.Views_Shared__Layout/&lt;&lt;ExecuteAsync&gt;b__45_14&gt;d" filename="C:\Users\xande\Source\AzureDevopsDemo-a\CodeCoverageDemo\CodeCoverageDemo.Web\Views\Shared\_Layout.cshtml" line-rate="0" branch-rate="0" complexity="27">
          <methods>
            <method name="MoveNext" signature="()" line-rate="0" branch-rate="0">
              <lines>
                <line number="69" hits="0" branch="True" condition-coverage="0% (0/27)">
                  <conditions>
                    <condition number="8" type="switch" coverage="0%" />
                    <condition number="493" type="jump" coverage="0%" />
                    <condition number="596" type="jump" coverage="0%" />
                    <condition number="629" type="jump" coverage="0%" />
                    <condition number="1200" type="jump" coverage="0%" />
                    <condition number="1307" type="jump" coverage="0%" />
                    <condition number="1340" type="jump" coverage="0%" />
                    <condition number="1590" type="jump" coverage="0%" />
                    <condition number="1887" type="jump" coverage="0%" />
                    <condition number="1994" type="jump" coverage="0%" />
                    <condition number="2027" type="jump" coverage="0%" />
                  </conditions>
                </line>
              </lines>
            </method>
          </methods>
          <lines>
            <line number="69" hits="0" branch="True" condition-coverage="0% (0/27)">
              <conditions>
                <condition number="8" type="switch" coverage="0%" />
                <condition number="493" type="jump" coverage="0%" />
                <condition number="596" type="jump" coverage="0%" />
                <condition number="629" type="jump" coverage="0%" />
                <condition number="1200" type="jump" coverage="0%" />
                <condition number="1307" type="jump" coverage="0%" />
                <condition number="1340" type="jump" coverage="0%" />
                <condition number="1590" type="jump" coverage="0%" />
                <condition number="1887" type="jump" coverage="0%" />
                <condition number="1994" type="jump" coverage="0%" />
                <condition number="2027" type="jump" coverage="0%" />
              </conditions>
            </line>
          </lines>
        </class>
        <class name="AspNetCore.Views_Shared__Layout/&lt;&lt;ExecuteAsync&gt;b__45_1&gt;d" filename="C:\Users\xande\Source\AzureDevopsDemo-a\CodeCoverageDemo\CodeCoverageDemo.Web\Views\Shared\_Layout.cshtml" line-rate="0" branch-rate="0" complexity="59">
          <methods>
            <method name="MoveNext" signature="()" line-rate="0" branch-rate="0">
              <lines>
                <line number="44" hits="0" branch="True" condition-coverage="0% (0/59)">
                  <conditions>
                    <condition number="8" type="switch" coverage="0%" />
                    <condition number="543" type="jump" coverage="0%" />
                    <condition number="646" type="jump" coverage="0%" />
                    <condition number="679" type="jump" coverage="0%" />
                    <condition number="1206" type="jump" coverage="0%" />
                    <condition number="1313" type="jump" coverage="0%" />
                    <condition number="1346" type="jump" coverage="0%" />
                    <condition number="1870" type="jump" coverage="0%" />
                    <condition number="1977" type="jump" coverage="0%" />
                    <condition number="2010" type="jump" coverage="0%" />
                    <condition number="2534" type="jump" coverage="0%" />
                    <condition number="2641" type="jump" coverage="0%" />
                    <condition number="2674" type="jump" coverage="0%" />
                    <condition number="2924" type="jump" coverage="0%" />
                    <condition number="3104" type="jump" coverage="0%" />
                    <condition number="3211" type="jump" coverage="0%" />
                    <condition number="3244" type="jump" coverage="0%" />
                    <condition number="3771" type="jump" coverage="0%" />
                    <condition number="3879" type="jump" coverage="0%" />
                    <condition number="3912" type="jump" coverage="0%" />
                    <condition number="4331" type="jump" coverage="0%" />
                    <condition number="4439" type="jump" coverage="0%" />
                    <condition number="4472" type="jump" coverage="0%" />
                  </conditions>
                </line>
                <line number="72" hits="0" branch="False" />
              </lines>
            </method>
          </methods>
          <lines>
            <line number="44" hits="0" branch="True" condition-coverage="0% (0/59)">
              <conditions>
                <condition number="8" type="switch" coverage="0%" />
                <condition number="543" type="jump" coverage="0%" />
                <condition number="646" type="jump" coverage="0%" />
                <condition number="679" type="jump" coverage="0%" />
                <condition number="1206" type="jump" coverage="0%" />
                <condition number="1313" type="jump" coverage="0%" />
                <condition number="1346" type="jump" coverage="0%" />
                <condition number="1870" type="jump" coverage="0%" />
                <condition number="1977" type="jump" coverage="0%" />
                <condition number="2010" type="jump" coverage="0%" />
                <condition number="2534" type="jump" coverage="0%" />
                <condition number="2641" type="jump" coverage="0%" />
                <condition number="2674" type="jump" coverage="0%" />
                <condition number="2924" type="jump" coverage="0%" />
                <condition number="3104" type="jump" coverage="0%" />
                <condition number="3211" type="jump" coverage="0%" />
                <condition number="3244" type="jump" coverage="0%" />
                <condition number="3771" type="jump" coverage="0%" />
                <condition number="3879" type="jump" coverage="0%" />
                <condition number="3912" type="jump" coverage="0%" />
                <condition number="4331" type="jump" coverage="0%" />
                <condition number="4439" type="jump" coverage="0%" />
                <condition number="4472" type="jump" coverage="0%" />
              </conditions>
            </line>
            <line number="72" hits="0" branch="False" />
          </lines>
        </class>
        <class name="AspNetCore.Views__ViewStart/&lt;ExecuteAsync&gt;d__0" filename="C:\Users\xande\Source\AzureDevopsDemo-a\CodeCoverageDemo\CodeCoverageDemo.Web\Views\_ViewStart.cshtml" line-rate="0" branch-rate="1" complexity="1">
          <methods>
            <method name="MoveNext" signature="()" line-rate="0" branch-rate="1">
              <lines>
                <line number="2" hits="0" branch="False" />
              </lines>
            </method>
          </methods>
          <lines>
            <line number="2" hits="0" branch="False" />
          </lines>
        </class>
      </classes>
    </package>
  </packages>
</coverage>